
*** Running ngdbuild
    with args -intstyle ise -p xc7vx485tffg1157-2L -dd _ngo -uc "variant_23.ucf" "variant_23.edf"


Command Line: D:\ISE\14.7\ISE_DS\ISE\bin\nt64\unwrapped\ngdbuild.exe -intstyle
ise -p xc7vx485tffg1157-2L -dd _ngo -uc variant_23.ucf variant_23.edf

Executing edif2ngd -quiet "variant_23.edf" "_ngo\variant_23.ngo"
Release 14.7 - edif2ngd P.20131013 (nt64)
Copyright (c) 1995-2013 Xilinx, Inc.  All rights reserved.
Reading NGO file "D:/Users/Ali/Desktop/2
curs/ISe/SRO/SRO.runs/impl_1/_ngo/variant_23.ngo" ...
Gathering constraint information from source properties...
Done.

Annotating constraints to design from ucf file "variant_23.ucf" ...
Resolving constraint associations...
Checking Constraint Associations...
Done...

Checking expanded design ...

Partition Implementation Status
-------------------------------

  No Partitions were found in this design.

-------------------------------

NGDBUILD Design Results Summary:
  Number of errors:     0
  Number of warnings:   0

Writing NGD file "variant_23.ngd" ...
Total REAL time to NGDBUILD completion:  7 sec
Total CPU time to NGDBUILD completion:   4 sec

Writing NGDBUILD log file "variant_23.bld"...

NGDBUILD done.

*** Running map
    with args -intstyle pa -w "variant_23.ngd"

Using target part "7vx485tffg1157-2l".
vvvvvvvvvvvvvvvvvvvvvvvvvvvvvvvvvvvvvvvvvvvvvvvvvvvvvvvvvvvvvvvvvvvvvv
INFO:Security:56 - Part 'xc7vx485t' is not a WebPack part.
WARNING:Security:42 - Your software subscription period has lapsed. Your current
version of Xilinx tools will continue to function, but you no longer qualify for
Xilinx software updates or new releases.
----------------------------------------------------------------------
WARNING:LIT:701 - PAD symbol "x1" has an undefined IOSTANDARD.
WARNING:LIT:702 - PAD symbol "x1" is not constrained (LOC) to a specific
   location.
Mapping design into LUTs...
Running directed packing...
Running delay-based LUT packing...
Updating timing models...
INFO:Map:215 - The Interim Design Summary has been generated in the MAP Report
   (.mrp).
Running timing-driven placement...
Total REAL time at the beginning of Placer: 26 secs 
Total CPU  time at the beginning of Placer: 23 secs 

Phase 1.1  Initial Placement Analysis
Phase 1.1  Initial Placement Analysis (Checksum:60) REAL time: 34 secs 

Phase 2.7  Design Feasibility Check
Phase 2.7  Design Feasibility Check (Checksum:60) REAL time: 34 secs 

Phase 3.31  Local Placement Optimization
Phase 3.31  Local Placement Optimization (Checksum:60) REAL time: 34 secs 

Phase 4.2  Initial Placement for Architecture Specific Features
...
Phase 4.2  Initial Placement for Architecture Specific Features (Checksum:60) REAL time: 36 secs 

Phase 5.30  Global Clock Region Assignment
Phase 5.30  Global Clock Region Assignment (Checksum:60) REAL time: 36 secs 

Phase 6.3  Local Placement Optimization
...
Phase 6.3  Local Placement Optimization (Checksum:979346aa) REAL time: 37 secs 

Phase 7.5  Local Placement Optimization
Phase 7.5  Local Placement Optimization (Checksum:979346aa) REAL time: 37 secs 

Phase 8.8  Global Placement
..
................
................
Phase 8.8  Global Placement (Checksum:8452ef59) REAL time: 38 secs 

Phase 9.5  Local Placement Optimization
Phase 9.5  Local Placement Optimization (Checksum:8452ef59) REAL time: 38 secs 

Phase 10.18  Placement Optimization
Phase 10.18  Placement Optimization (Checksum:844205a1) REAL time: 38 secs 

Phase 11.5  Local Placement Optimization
Phase 11.5  Local Placement Optimization (Checksum:844205a1) REAL time: 38 secs 

Phase 12.34  Placement Validation
Phase 12.34  Placement Validation (Checksum:844205a1) REAL time: 38 secs 

Total REAL time to Placer completion: 38 secs 
Total CPU  time to Placer completion: 33 secs 
Running post-placement packing...
Writing output files...

Design Summary:
Number of errors:      0
Number of warnings:   10
Slice Logic Utilization:
  Number of Slice Registers:                     0 out of 607,200    0%
  Number of Slice LUTs:                          3 out of 303,600    1%
    Number used as logic:                        3 out of 303,600    1%
      Number using O6 output only:               3
      Number using O5 output only:               0
      Number using O5 and O6:                    0
      Number used as ROM:                        0
    Number used as Memory:                       0 out of 130,800    0%
    Number used exclusively as route-thrus:      0

Slice Logic Distribution:
  Number of occupied Slices:                     2 out of  75,900    1%
  Number of LUT Flip Flop pairs used:            3
    Number with an unused Flip Flop:             3 out of       3  100%
    Number with an unused LUT:                   0 out of       3    0%
    Number of fully used LUT-FF pairs:           0 out of       3    0%
    Number of slice register sites lost
      to control set restrictions:               0 out of 607,200    0%

  A LUT Flip Flop pair for this architecture represents one LUT paired with
  one Flip Flop within a slice.  A control set is a unique combination of
  clock, reset, set, and enable signals for a registered element.
  The Slice Logic Distribution report is not meaningful if the design is
  over-mapped for a non-slice resource or if Placement fails.
  OVERMAPPING of BRAM resources should be ignored if the design is
  over-mapped for a non-BRAM resource or if placement fails.

IO Utilization:
  Number of bonded IOBs:                         8 out of     600    1%

Specific Feature Utilization:
  Number of RAMB36E1/FIFO36E1s:                  0 out of   1,030    0%
  Number of RAMB18E1/FIFO18E1s:                  0 out of   2,060    0%
  Number of BUFG/BUFGCTRLs:                      0 out of      32    0%
  Number of IDELAYE2/IDELAYE2_FINEDELAYs:        0 out of     700    0%
  Number of ILOGICE2/ILOGICE3/ISERDESE2s:        0 out of     700    0%
  Number of ODELAYE2/ODELAYE2_FINEDELAYs:        0 out of     700    0%
  Number of OLOGICE2/OLOGICE3/OSERDESE2s:        0 out of     700    0%
  Number of PHASER_IN/PHASER_IN_PHYs:            0 out of      56    0%
  Number of PHASER_OUT/PHASER_OUT_PHYs:          0 out of      56    0%
  Number of BSCANs:                              0 out of       4    0%
  Number of BUFHCEs:                             0 out of     168    0%
  Number of BUFRs:                               0 out of      56    0%
  Number of CAPTUREs:                            0 out of       1    0%
  Number of DNA_PORTs:                           0 out of       1    0%
  Number of DSP48E1s:                            0 out of   2,800    0%
  Number of EFUSE_USRs:                          0 out of       1    0%
  Number of FRAME_ECCs:                          0 out of       1    0%
  Number of GTXE2_CHANNELs:                      0 out of      56    0%
  Number of GTXE2_COMMONs:                       0 out of      14    0%
  Number of IBUFDS_GTE2s:                        0 out of      28    0%
  Number of ICAPs:                               0 out of       2    0%
  Number of IDELAYCTRLs:                         0 out of      14    0%
  Number of IN_FIFOs:                            0 out of      56    0%
  Number of MMCME2_ADVs:                         0 out of      14    0%
  Number of OUT_FIFOs:                           0 out of      56    0%
  Number of PCIE_2_1s:                           0 out of       4    0%
  Number of PHASER_REFs:                         0 out of      14    0%
  Number of PHY_CONTROLs:                        0 out of      14    0%
  Number of PLLE2_ADVs:                          0 out of      14    0%
  Number of STARTUPs:                            0 out of       1    0%
  Number of XADCs:                               0 out of       1    0%

Average Fanout of Non-Clock Nets:                2.14

Peak Memory Usage:  5552 MB
Total REAL time to MAP completion:  39 secs 
Total CPU time to MAP completion:   34 secs 

Mapping completed.
See MAP report file "variant_23.mrp" for details.

*** Running par
    with args -intstyle pa "variant_23.ncd" -w "variant_23_routed.ncd"




Constraints file: variant_23.pcf.
Loading device for application Rf_Device from file '7vx485t.nph' in environment D:\ISE\14.7\ISE_DS\ISE\.
   "variant_23" is an NCD, version 3.2, device xc7vx485t, package ffg1157, speed -2l
vvvvvvvvvvvvvvvvvvvvvvvvvvvvvvvvvvvvvvvvvvvvvvvvvvvvvvvvvvvvvvvvvvvvvv
INFO:Security:56 - Part 'xc7vx485t' is not a WebPack part.
WARNING:Security:42 - Your software subscription period has lapsed. Your current version of Xilinx tools will continue
to function, but you no longer qualify for Xilinx software updates or new releases.

----------------------------------------------------------------------

Initializing temperature to 100.000 Celsius. (default - Range: 0.000 to 100.000 Celsius)
Initializing voltage to 0.970 Volts. (default - Range: 0.970 to 1.030 Volts)

INFO:Par:282 - No user timing constraints were detected or you have set the option to ignore timing constraints ("par
   -x"). Place and Route will run in "Performance Evaluation Mode" to automatically improve the performance of all
   internal clocks in this design. Because there are not defined timing requirements, a timing score will not be
   reported in the PAR report in this mode. The PAR timing summary will list the performance achieved for each clock.
   Note: For the fastest runtime, set the effort level to "std".  For best performance, set the effort level to "high".

Device speed data version:  "PRODUCTION 1.10 2013-10-13".



Device Utilization Summary:

Slice Logic Utilization:
  Number of Slice Registers:                     0 out of 607,200    0%
  Number of Slice LUTs:                          3 out of 303,600    1%
    Number used as logic:                        3 out of 303,600    1%
      Number using O6 output only:               3
      Number using O5 output only:               0
      Number using O5 and O6:                    0
      Number used as ROM:                        0
    Number used as Memory:                       0 out of 130,800    0%
    Number used exclusively as route-thrus:      0

Slice Logic Distribution:
  Number of occupied Slices:                     2 out of  75,900    1%
  Number of LUT Flip Flop pairs used:            3
    Number with an unused Flip Flop:             3 out of       3  100%
    Number with an unused LUT:                   0 out of       3    0%
    Number of fully used LUT-FF pairs:           0 out of       3    0%
    Number of slice register sites lost
      to control set restrictions:               0 out of 607,200    0%

  A LUT Flip Flop pair for this architecture represents one LUT paired with
  one Flip Flop within a slice.  A control set is a unique combination of
  clock, reset, set, and enable signals for a registered element.
  The Slice Logic Distribution report is not meaningful if the design is
  over-mapped for a non-slice resource or if Placement fails.
  OVERMAPPING of BRAM resources should be ignored if the design is
  over-mapped for a non-BRAM resource or if placement fails.

IO Utilization:
  Number of bonded IOBs:                         8 out of     600    1%

Specific Feature Utilization:
  Number of RAMB36E1/FIFO36E1s:                  0 out of   1,030    0%
  Number of RAMB18E1/FIFO18E1s:                  0 out of   2,060    0%
  Number of BUFG/BUFGCTRLs:                      0 out of      32    0%
  Number of IDELAYE2/IDELAYE2_FINEDELAYs:        0 out of     700    0%
  Number of ILOGICE2/ILOGICE3/ISERDESE2s:        0 out of     700    0%
  Number of ODELAYE2/ODELAYE2_FINEDELAYs:        0 out of     700    0%
  Number of OLOGICE2/OLOGICE3/OSERDESE2s:        0 out of     700    0%
  Number of PHASER_IN/PHASER_IN_PHYs:            0 out of      56    0%
  Number of PHASER_OUT/PHASER_OUT_PHYs:          0 out of      56    0%
  Number of BSCANs:                              0 out of       4    0%
  Number of BUFHCEs:                             0 out of     168    0%
  Number of BUFRs:                               0 out of      56    0%
  Number of CAPTUREs:                            0 out of       1    0%
  Number of DNA_PORTs:                           0 out of       1    0%
  Number of DSP48E1s:                            0 out of   2,800    0%
  Number of EFUSE_USRs:                          0 out of       1    0%
  Number of FRAME_ECCs:                          0 out of       1    0%
  Number of GTXE2_CHANNELs:                      0 out of      56    0%
  Number of GTXE2_COMMONs:                       0 out of      14    0%
  Number of IBUFDS_GTE2s:                        0 out of      28    0%
  Number of ICAPs:                               0 out of       2    0%
  Number of IDELAYCTRLs:                         0 out of      14    0%
  Number of IN_FIFOs:                            0 out of      56    0%
  Number of MMCME2_ADVs:                         0 out of      14    0%
  Number of OUT_FIFOs:                           0 out of      56    0%
  Number of PCIE_2_1s:                           0 out of       4    0%
  Number of PHASER_REFs:                         0 out of      14    0%
  Number of PHY_CONTROLs:                        0 out of      14    0%
  Number of PLLE2_ADVs:                          0 out of      14    0%
  Number of STARTUPs:                            0 out of       1    0%
  Number of XADCs:                               0 out of       1    0%


Overall effort level (-ol):   Standard 
Router effort level (-rl):    High 

Starting initial Timing Analysis.  REAL time: 19 secs 
Finished initial Timing Analysis.  REAL time: 19 secs 

Starting Router


Phase  1  : 15 unrouted;      REAL time: 27 secs 

Phase  2  : 15 unrouted;      REAL time: 27 secs 

Phase  3  : 4 unrouted;      REAL time: 27 secs 

Phase  4  : 4 unrouted; (Par is working to improve performance)     REAL time: 40 secs 

Updating file: variant_23_routed.ncd with current fully routed design.

Phase  5  : 0 unrouted; (Par is working to improve performance)     REAL time: 40 secs 

Phase  6  : 0 unrouted; (Par is working to improve performance)     REAL time: 40 secs 

Phase  7  : 0 unrouted; (Par is working to improve performance)     REAL time: 40 secs 

Phase  8  : 0 unrouted; (Par is working to improve performance)     REAL time: 40 secs 

Phase  9  : 0 unrouted; (Par is working to improve performance)     REAL time: 40 secs 
Total REAL time to Router completion: 40 secs 
Total CPU time to Router completion: 40 secs 

Partition Implementation Status
-------------------------------

  No Partitions were found in this design.

-------------------------------

Generating "PAR" statistics.
INFO:Par:459 - The Clock Report is not displayed in the non timing-driven mode.
Timing Score: 0 (Setup: 0, Hold: 0)



Generating Pad Report.

All signals are completely routed.

Total REAL time to PAR completion: 43 secs 
Total CPU time to PAR completion: 43 secs 

Peak Memory Usage:  5352 MB

Placer: Placement generated during map.
Routing: Completed - No errors found.

Number of error messages: 0
Number of warning messages: 0
Number of info messages: 2

Writing design to file variant_23_routed.ncd



PAR done!

*** Running trce
    with args -intstyle ise -o "variant_23.twr" -v 30 -l 30 "variant_23_routed.ncd" "variant_23.pcf"

Loading device for application Rf_Device from file '7vx485t.nph' in environment
D:\ISE\14.7\ISE_DS\ISE\.
   "variant_23" is an NCD, version 3.2, device xc7vx485t, package ffg1157, speed
-2l

Analysis completed Tue Feb 24 16:25:46 2026
--------------------------------------------------------------------------------

Generating Report ...

Number of warnings: 0
Total time: 19 secs 

*** Running xdl
    with args -secure -ncd2xdl -nopips "variant_23_routed.ncd" "variant_23_routed.xdl"

Release 14.7 - xdl P.20131013 (nt64)
Copyright (c) 1995-2013 Xilinx, Inc.  All rights reserved.

WARNING:XDL:213 - The resulting xdl output will not have LUT equation strings or RAM INIT strings.
Loading device for application Rf_Device from file '7vx485t.nph' in environment D:\ISE\14.7\ISE_DS\ISE\.
   "variant_23" is an NCD, version 3.2, device xc7vx485t, package ffg1157, speed -2l
Successfully converted design 'variant_23_routed.ncd' to 'variant_23_routed.xdl'.
