
*** Running xst
    with args -ifn "variant_23.xst" -ofn "variant_23.srp" -intstyle ise

Reading design: variant_23.prj

=========================================================================
*                          HDL Parsing                                  *
=========================================================================
Parsing VHDL file "D:/Users/Ali/Desktop/2 curs/ISe/SRO/SRO.srcs/sources_1/new/or_gate.vhd" into library work
Parsing entity <or_gate>.
Parsing architecture <Behavioral> of entity <or_gate>.
Parsing VHDL file "D:/Users/Ali/Desktop/2 curs/ISe/SRO/SRO.srcs/sources_1/new/Not.vhd" into library work
Parsing entity <not_gate>.
Parsing architecture <Behavioral> of entity <not_gate>.
Parsing VHDL file "D:/Users/Ali/Desktop/2 curs/ISe/SRO/SRO.srcs/sources_1/new/and_gate.vhd" into library work
Parsing entity <and_gate>.
Parsing architecture <Behavioral> of entity <and_gate>.
Parsing VHDL file "D:/Users/Ali/Desktop/2 curs/ISe/SRO/SRO.srcs/sources_1/new/O2.vhd" into library work
Parsing entity <O2>.
Parsing architecture <structural> of entity <o2>.
Parsing VHDL file "D:/Users/Ali/Desktop/2 curs/ISe/SRO/SRO.srcs/sources_1/new/noao2.vhd" into library work
Parsing entity <noao2>.
Parsing architecture <structural> of entity <noao2>.
Parsing VHDL file "D:/Users/Ali/Desktop/2 curs/ISe/SRO/SRO.srcs/sources_1/new/no4.vhd" into library work
Parsing entity <no4>.
Parsing architecture <structural> of entity <no4>.
Parsing VHDL file "D:/Users/Ali/Desktop/2 curs/ISe/SRO/SRO.srcs/sources_1/new/no3a2.vhd" into library work
Parsing entity <no3a2>.
Parsing architecture <structural> of entity <no3a2>.
Parsing VHDL file "D:/Users/Ali/Desktop/2 curs/ISe/SRO/SRO.srcs/sources_1/new/no3.vhd" into library work
Parsing entity <no3>.
Parsing architecture <structural> of entity <no3>.
Parsing VHDL file "D:/Users/Ali/Desktop/2 curs/ISe/SRO/SRO.srcs/sources_1/new/nmx2.vhd" into library work
Parsing entity <nmx2>.
Parsing architecture <structural> of entity <nmx2>.
Parsing VHDL file "D:/Users/Ali/Desktop/2 curs/ISe/SRO/SRO.srcs/sources_1/new/nao22.vhd" into library work
Parsing entity <nao22>.
Parsing architecture <Behavioral> of entity <nao22>.
Parsing VHDL file "D:/Users/Ali/Desktop/2 curs/ISe/SRO/SRO.srcs/sources_1/new/NA3.vhd" into library work
Parsing entity <na3>.
Parsing architecture <structural> of entity <na3>.
Parsing VHDL file "D:/Users/Ali/Desktop/2 curs/ISe/SRO/SRO.srcs/sources_1/new/variant23.vhd" into library work
Parsing entity <variant_23>.
Parsing architecture <Structural> of entity <variant_23>.

=========================================================================
*                            HDL Elaboration                            *
=========================================================================

Elaborating entity <variant_23> (architecture <Structural>) from library <work>.

Elaborating entity <not_gate> (architecture <Behavioral>) from library <work>.

Elaborating entity <O2> (architecture <structural>) from library <work>.

Elaborating entity <or_gate> (architecture <Behavioral>) from library <work>.

Elaborating entity <na3> (architecture <structural>) from library <work>.

Elaborating entity <and_gate> (architecture <Behavioral>) from library <work>.

Elaborating entity <no3> (architecture <structural>) from library <work>.

Elaborating entity <nmx2> (architecture <structural>) from library <work>.

Elaborating entity <noao2> (architecture <structural>) from library <work>.

Elaborating entity <nao22> (architecture <Behavioral>) from library <work>.

Elaborating entity <no4> (architecture <structural>) from library <work>.

Elaborating entity <no3a2> (architecture <structural>) from library <work>.

=========================================================================
*                           HDL Synthesis                               *
=========================================================================

Synthesizing Unit <variant_23>.
    Related source file is "D:/Users/Ali/Desktop/2 curs/ISe/SRO/SRO.srcs/sources_1/new/variant23.vhd".
    Summary:
	no macro.
Unit <variant_23> synthesized.

Synthesizing Unit <not_gate>.
    Related source file is "D:/Users/Ali/Desktop/2 curs/ISe/SRO/SRO.srcs/sources_1/new/Not.vhd".
    Summary:
	no macro.
Unit <not_gate> synthesized.

Synthesizing Unit <O2>.
    Related source file is "D:/Users/Ali/Desktop/2 curs/ISe/SRO/SRO.srcs/sources_1/new/O2.vhd".
    Summary:
	no macro.
Unit <O2> synthesized.

Synthesizing Unit <or_gate>.
    Related source file is "D:/Users/Ali/Desktop/2 curs/ISe/SRO/SRO.srcs/sources_1/new/or_gate.vhd".
    Summary:
	no macro.
Unit <or_gate> synthesized.

Synthesizing Unit <na3>.
    Related source file is "D:/Users/Ali/Desktop/2 curs/ISe/SRO/SRO.srcs/sources_1/new/NA3.vhd".
    Summary:
	no macro.
Unit <na3> synthesized.

Synthesizing Unit <and_gate>.
    Related source file is "D:/Users/Ali/Desktop/2 curs/ISe/SRO/SRO.srcs/sources_1/new/and_gate.vhd".
    Summary:
	no macro.
Unit <and_gate> synthesized.

Synthesizing Unit <no3>.
    Related source file is "D:/Users/Ali/Desktop/2 curs/ISe/SRO/SRO.srcs/sources_1/new/no3.vhd".
    Summary:
	no macro.
Unit <no3> synthesized.

Synthesizing Unit <nmx2>.
    Related source file is "D:/Users/Ali/Desktop/2 curs/ISe/SRO/SRO.srcs/sources_1/new/nmx2.vhd".
    Summary:
	no macro.
Unit <nmx2> synthesized.

Synthesizing Unit <noao2>.
    Related source file is "D:/Users/Ali/Desktop/2 curs/ISe/SRO/SRO.srcs/sources_1/new/noao2.vhd".
    Summary:
	no macro.
Unit <noao2> synthesized.

Synthesizing Unit <nao22>.
    Related source file is "D:/Users/Ali/Desktop/2 curs/ISe/SRO/SRO.srcs/sources_1/new/nao22.vhd".
    Summary:
	no macro.
Unit <nao22> synthesized.

Synthesizing Unit <no4>.
    Related source file is "D:/Users/Ali/Desktop/2 curs/ISe/SRO/SRO.srcs/sources_1/new/no4.vhd".
    Summary:
	no macro.
Unit <no4> synthesized.

Synthesizing Unit <no3a2>.
    Related source file is "D:/Users/Ali/Desktop/2 curs/ISe/SRO/SRO.srcs/sources_1/new/no3a2.vhd".
    Summary:
	no macro.
Unit <no3a2> synthesized.

=========================================================================
HDL Synthesis Report

Found no macro
=========================================================================

=========================================================================
*                       Advanced HDL Synthesis                          *
=========================================================================


=========================================================================
Advanced HDL Synthesis Report

Found no macro
=========================================================================

=========================================================================
*                         Low Level Synthesis                           *
=========================================================================

Optimizing unit <variant_23> ...

Mapping all equations...
Building and optimizing final netlist ...
Found area constraint ratio of 100 (+ 0) on block variant_23, actual ratio is 0.

Final Macro Processing ...

=========================================================================
Final Register Report

Found no macro
=========================================================================

=========================================================================
*                           Partition Report                            *
=========================================================================

Partition Implementation Status
-------------------------------

  No Partitions were found in this design.

-------------------------------

=========================================================================
*                            Design Summary                             *
=========================================================================

Clock Information:
------------------
No clock signals found in this design

Asynchronous Control Signals Information:
----------------------------------------
No asynchronous control signals found in this design

Timing Summary:
---------------
Speed Grade: -2

   Minimum period: No path found
   Minimum input arrival time before clock: No path found
   Maximum output required time after clock: No path found
   Maximum combinational path delay: 0.916ns

=========================================================================
